<?xml version="1.0" encoding="UTF-8"?>
<!-- Generated by org.testng.reporters.JUnitReportReporter -->
<testsuite hostname="DESKTOP-SO34K2I" failures="0" tests="1" name="MyTestCases" time="0.070" errors="0" timestamp="2024-08-25T19:57:07 EET" skipped="0">
  <testcase classname="MyTestCases" name="GetData" time="0.070"/>
  <system-out/>
</testsuite> <!-- MyTestCases -->
