<?xml version="1.0" encoding="UTF-8"?>
<!-- Generated by org.testng.reporters.JUnitReportReporter -->
<testsuite hostname="DESKTOP-SO34K2I" failures="0" tests="1" name="MyTestCases" time="0.043" errors="0" timestamp="2024-08-26T16:47:54 EET" skipped="0">
  <testcase classname="MyTestCases" name="GetData" time="0.043"/>
  <system-out/>
</testsuite> <!-- MyTestCases -->
